Base path: 'C:/Program Files/Unity/Hub/Editor/2019.2.4f1/Editor/Data', plugins path 'C:/Program Files/Unity/Hub/Editor/2019.2.4f1/Editor/Data/PlaybackEngines'
Cmd: initializeCompiler
Cmd: compileComputeKernel
  error: 2 plat 4 at ReflectionShader.compute(9): redefinition of 'Tri'
  api=4 insize=1400 outsize=0 ok=0
Cmd: compileComputeKernel
  error: 2 plat 4 at ReflectionShader.compute(28): undeclared identifier 'GetBufferAt'
  api=4 insize=1338 outsize=0 ok=0
Cmd: compileComputeKernel
  error: 1 plat 4 at ReflectionShader.compute(55): implicit truncation of vector type
  api=4 insize=1379 outsize=741 ok=1
Cmd: compileComputeKernel
  error: 1 plat 4 at ReflectionShader.compute(59): use of potentially uninitialized variable (hit)
  error: 1 plat 4 at ReflectionShader.compute(95): implicit truncation of vector type
  api=4 insize=2189 outsize=3519 ok=1
Cmd: compileComputeKernel
  error: 1 plat 4 at ReflectionShader.compute(59): use of potentially uninitialized variable (hit)
  error: 1 plat 4 at ReflectionShader.compute(96): implicit truncation of vector type
  api=4 insize=2182 outsize=3426 ok=1
Cmd: compileComputeKernel
  error: 1 plat 4 at ReflectionShader.compute(59): use of potentially uninitialized variable (hit)
  error: 1 plat 4 at ReflectionShader.compute(96): implicit truncation of vector type
  api=4 insize=2213 outsize=3631 ok=1
Cmd: compileComputeKernel
  error: 1 plat 4 at ReflectionShader.compute(59): use of potentially uninitialized variable (hit)
  error: 1 plat 4 at ReflectionShader.compute(96): implicit truncation of vector type
  api=4 insize=2214 outsize=3635 ok=1
Cmd: compileComputeKernel
  error: 1 plat 4 at ReflectionShader.compute(59): use of potentially uninitialized variable (hit)
  error: 1 plat 4 at ReflectionShader.compute(97): implicit truncation of vector type
  api=4 insize=2167 outsize=3374 ok=1
Cmd: compileComputeKernel
  error: 1 plat 4 at ReflectionShader.compute(59): use of potentially uninitialized variable (hit)
  error: 1 plat 4 at ReflectionShader.compute(101): implicit truncation of vector type
  api=4 insize=2307 outsize=3374 ok=1
Cmd: compileComputeKernel
  error: 1 plat 4 at ReflectionShader.compute(59): use of potentially uninitialized variable (hit)
  error: 1 plat 4 at ReflectionShader.compute(101): implicit truncation of vector type
  api=4 insize=2266 outsize=3519 ok=1
Cmd: compileComputeKernel
  error: 1 plat 4 at ReflectionShader.compute(59): use of potentially uninitialized variable (hit)
  error: 1 plat 4 at ReflectionShader.compute(101): implicit truncation of vector type
  api=4 insize=2279 outsize=3599 ok=1
Cmd: compileComputeKernel
  error: 1 plat 4 at ReflectionShader.compute(59): use of potentially uninitialized variable (hit)
  error: 1 plat 4 at ReflectionShader.compute(101): implicit truncation of vector type
  api=4 insize=2301 outsize=3655 ok=1
Cmd: compileComputeKernel
  error: 1 plat 4 at ReflectionShader.compute(59): use of potentially uninitialized variable (hit)
  error: 1 plat 4 at ReflectionShader.compute(102): implicit truncation of vector type
  api=4 insize=2331 outsize=3683 ok=1
Cmd: compileComputeKernel
  error: 1 plat 4 at ReflectionShader.compute(59): use of potentially uninitialized variable (hit)
  error: 1 plat 4 at ReflectionShader.compute(102): implicit truncation of vector type
  api=4 insize=2327 outsize=3595 ok=1
Cmd: compileComputeKernel
  error: 1 plat 4 at ReflectionShader.compute(59): use of potentially uninitialized variable (hit)
  error: 1 plat 4 at ReflectionShader.compute(102): implicit truncation of vector type
  api=4 insize=2320 outsize=3679 ok=1
Cmd: compileComputeKernel
  error: 1 plat 4 at ReflectionShader.compute(59): use of potentially uninitialized variable (hit)
  error: 1 plat 4 at ReflectionShader.compute(102): implicit truncation of vector type
  api=4 insize=2320 outsize=3679 ok=1
Cmd: compileComputeKernel
  error: 1 plat 4 at ReflectionShader.compute(59): use of potentially uninitialized variable (hit)
  error: 1 plat 4 at ReflectionShader.compute(102): implicit truncation of vector type
  api=4 insize=2320 outsize=3623 ok=1
Cmd: compileComputeKernel
  error: 1 plat 4 at ReflectionShader.compute(56): use of potentially uninitialized variable (hit)
  error: 1 plat 4 at ReflectionShader.compute(96): implicit truncation of vector type
  api=4 insize=2266 outsize=3595 ok=1
