Base path: 'C:/Program Files/Unity/Hub/Editor/2019.2.4f1/Editor/Data', plugins path 'C:/Program Files/Unity/Hub/Editor/2019.2.4f1/Editor/Data/PlaybackEngines'
Cmd: initializeCompiler
Cmd: compileComputeKernel
  error: 2 plat 4 at ReflectionShader.compute(56): invalid subscript 'bx'
  api=4 insize=1979 outsize=0 ok=0
Cmd: compileComputeKernel
  error: 1 plat 4 at ReflectionShader.compute(59): use of potentially uninitialized variable (hit)
  error: 1 plat 4 at ReflectionShader.compute(95): implicit truncation of vector type
  api=4 insize=2162 outsize=3310 ok=1
Cmd: compileComputeKernel
  error: 1 plat 4 at ReflectionShader.compute(59): use of potentially uninitialized variable (hit)
  error: 1 plat 4 at ReflectionShader.compute(95): implicit truncation of vector type
  api=4 insize=2201 outsize=3595 ok=1
Cmd: compileComputeKernel
  error: 1 plat 4 at ReflectionShader.compute(59): use of potentially uninitialized variable (hit)
  error: 1 plat 4 at ReflectionShader.compute(96): implicit truncation of vector type
  api=4 insize=2204 outsize=3595 ok=1
Cmd: compileComputeKernel
  error: 1 plat 4 at ReflectionShader.compute(59): use of potentially uninitialized variable (hit)
  error: 1 plat 4 at ReflectionShader.compute(96): implicit truncation of vector type
  api=4 insize=2165 outsize=3462 ok=1
Cmd: compileComputeKernel
  error: 1 plat 4 at ReflectionShader.compute(59): use of potentially uninitialized variable (hit)
  error: 1 plat 4 at ReflectionShader.compute(100): implicit truncation of vector type
  api=4 insize=2252 outsize=3635 ok=1
Cmd: compileComputeKernel
  error: 1 plat 4 at ReflectionShader.compute(59): use of potentially uninitialized variable (hit)
  error: 1 plat 4 at ReflectionShader.compute(101): implicit truncation of vector type
  api=4 insize=2277 outsize=3599 ok=1
Cmd: compileComputeKernel
  error: 1 plat 4 at ReflectionShader.compute(59): use of potentially uninitialized variable (hit)
  error: 1 plat 4 at ReflectionShader.compute(102): implicit truncation of vector type
  api=4 insize=2334 outsize=3595 ok=1
Cmd: compileComputeKernel
  error: 1 plat 4 at ReflectionShader.compute(59): use of potentially uninitialized variable (hit)
  error: 1 plat 4 at ReflectionShader.compute(102): implicit truncation of vector type
  api=4 insize=2321 outsize=3667 ok=1

Quitting shader compiler process
