Base path: 'C:/Program Files/Unity/Hub/Editor/2019.2.4f1/Editor/Data', plugins path 'C:/Program Files/Unity/Hub/Editor/2019.2.4f1/Editor/Data/PlaybackEngines'
Cmd: initializeCompiler
Cmd: compileComputeKernel
  error: 2 plat 4 at ReflectionShader.compute(17): redefinition of 'objectBuffer'
  api=4 insize=1402 outsize=0 ok=0
Cmd: compileComputeKernel
  error: 2 plat 4 at ReflectionShader.compute(81): 'ToLight': no matching 0 parameter function
  error: 2 plat 4 at ReflectionShader.compute(81): syntax error: unexpected token ')'
  api=4 insize=2003 outsize=0 ok=0
Cmd: compileComputeKernel
  error: 1 plat 4 at ReflectionShader.compute(59): use of potentially uninitialized variable (hit)
  error: 1 plat 4 at ReflectionShader.compute(95): implicit truncation of vector type
  api=4 insize=2135 outsize=3234 ok=1
Cmd: compileComputeKernel
  error: 1 plat 4 at ReflectionShader.compute(95): implicit truncation of vector type
  api=4 insize=2168 outsize=440 ok=1
Cmd: compileComputeKernel
  error: 1 plat 4 at ReflectionShader.compute(59): use of potentially uninitialized variable (hit)
  error: 1 plat 4 at ReflectionShader.compute(101): implicit truncation of vector type
  api=4 insize=2305 outsize=3374 ok=1
Cmd: compileComputeKernel
  error: 1 plat 4 at ReflectionShader.compute(59): use of potentially uninitialized variable (hit)
  error: 1 plat 4 at ReflectionShader.compute(101): implicit truncation of vector type
  api=4 insize=2328 outsize=3647 ok=1
Cmd: compileComputeKernel
  error: 1 plat 4 at ReflectionShader.compute(59): use of potentially uninitialized variable (hit)
  error: 1 plat 4 at ReflectionShader.compute(100): implicit truncation of vector type
  api=4 insize=2252 outsize=3519 ok=1
Cmd: compileSnippet
  error: 2 plat 4 at (79): cannot implicitly convert from 'const float3' to 'float4'\nCompiling Fragment program
Platform defines: UNITY_ENABLE_REFLECTION_BUFFERS UNITY_USE_DITHER_MASK_FOR_ALPHABLENDED_SHADOWS UNITY_PBS_USE_BRDF1 UNITY_SPECCUBE_BOX_PROJECTION UNITY_SPECCUBE_BLENDING UNITY_ENABLE_DETAIL_NORMALMAP SHADER_API_DESKTOP UNITY_COLORSPACE_GAMMA UNITY_LIGHT_PROBE_PROXY_VOLUME UNITY_LIGHTMAP_FULL_HDR
  api=4 type=1 insize=2130 outsize=0 kw= pd=UNITY_ENABLE_REFLECTION_BUFFERS UNITY_USE_DITHER_MASK_FOR_ALPHABLENDED_SHADOWS UNITY_PBS_USE_BRDF1 UNITY_SPECCUBE_BOX_PROJECTION UNITY_SPECCUBE_BLENDING UNITY_ENABLE_DETAIL_NORMALMAP SHADER_API_DESKTOP UNITY_COLORSPACE_GAMMA UNITY_LIGHT_PROBE_PROXY_VOLUME UNITY_LIGHTMAP_FULL_HDR ok=0
